<?xml version="1.0" encoding="UTF-8"?>
<coverage generated="1695213467086" clover="3.2.0">
  <project timestamp="1695213467086" name="All files">
    <metrics statements="57" coveredstatements="51" conditionals="17" coveredconditionals="14" methods="13" coveredmethods="11" elements="87" coveredelements="76" complexity="0" loc="57" ncloc="57" packages="1" files="1" classes="1"/>
    <file name="index.ts" path="/Users/xutaotao/Documents/s/electron-prokit/packages/electron-prokit/src/schedule/index.ts">
      <metrics statements="57" coveredstatements="51" conditionals="17" coveredconditionals="14" methods="13" coveredmethods="11"/>
      <line num="13" count="1" type="stmt"/>
      <line num="16" count="14" type="cond" truecount="2" falsecount="0"/>
      <line num="17" count="3" type="stmt"/>
      <line num="18" count="3" type="cond" truecount="2" falsecount="0"/>
      <line num="19" count="1" type="stmt"/>
      <line num="20" count="1" type="stmt"/>
      <line num="22" count="2" type="stmt"/>
      <line num="23" count="2" type="stmt"/>
      <line num="26" count="11" type="stmt"/>
      <line num="27" count="11" type="stmt"/>
      <line num="32" count="18" type="stmt"/>
      <line num="36" count="10" type="stmt"/>
      <line num="40" count="2" type="stmt"/>
      <line num="44" count="5" type="stmt"/>
      <line num="45" count="5" type="cond" truecount="1" falsecount="0"/>
      <line num="46" count="1" type="stmt"/>
      <line num="47" count="1" type="stmt"/>
      <line num="49" count="4" type="stmt"/>
      <line num="50" count="4" type="cond" truecount="3" falsecount="0"/>
      <line num="51" count="1" type="stmt"/>
      <line num="53" count="4" type="cond" truecount="1" falsecount="0"/>
      <line num="54" count="4" type="stmt"/>
      <line num="56" count="4" type="stmt"/>
      <line num="59" count="0" type="stmt"/>
      <line num="66" count="1" type="cond" truecount="1" falsecount="1"/>
      <line num="67" count="0" type="stmt"/>
      <line num="69" count="1" type="stmt"/>
      <line num="70" count="1" type="stmt"/>
      <line num="71" count="1" type="cond" truecount="1" falsecount="0"/>
      <line num="72" count="1" type="stmt"/>
      <line num="74" count="1" type="stmt"/>
      <line num="83" count="2" type="cond" truecount="2" falsecount="0"/>
      <line num="84" count="1" type="stmt"/>
      <line num="86" count="1" type="stmt"/>
      <line num="87" count="1" type="stmt"/>
      <line num="88" count="1" type="cond" truecount="0" falsecount="1"/>
      <line num="89" count="0" type="stmt"/>
      <line num="91" count="1" type="stmt"/>
      <line num="96" count="4" type="stmt"/>
      <line num="97" count="0" type="stmt"/>
      <line num="98" count="0" type="stmt"/>
      <line num="101" count="4" type="stmt"/>
      <line num="103" count="4" type="stmt"/>
      <line num="109" count="1" type="stmt"/>
      <line num="110" count="1" type="stmt"/>
      <line num="111" count="2" type="cond" truecount="0" falsecount="1"/>
      <line num="112" count="0" type="stmt"/>
      <line num="115" count="1" type="stmt"/>
      <line num="119" count="1" type="stmt"/>
      <line num="120" count="1" type="stmt"/>
      <line num="121" count="1" type="stmt"/>
      <line num="122" count="1" type="stmt"/>
      <line num="123" count="1" type="stmt"/>
      <line num="124" count="1" type="stmt"/>
      <line num="125" count="1" type="stmt"/>
      <line num="126" count="1" type="stmt"/>
      <line num="127" count="1" type="stmt"/>
    </file>
  </project>
</coverage>
