{"/Users/xutaotao/Documents/s/electron-prokit/packages/electron-prokit/src/schedule/index.ts": {"path":"/Users/xutaotao/Documents/s/electron-prokit/packages/electron-prokit/src/schedule/index.ts","statementMap":{"0":{"start":{"line":13,"column":18},"end":{"line":13,"column":44}},"1":{"start":{"line":126,"column":2},"end":{"line":126,"column":11}},"2":{"start":{"line":16,"column":2},"end":{"line":28,"column":null}},"3":{"start":{"line":17,"column":25},"end":{"line":17,"column":51}},"4":{"start":{"line":18,"column":4},"end":{"line":24,"column":null}},"5":{"start":{"line":19,"column":6},"end":{"line":19,"column":59}},"6":{"start":{"line":20,"column":6},"end":{"line":20,"column":null}},"7":{"start":{"line":22,"column":6},"end":{"line":22,"column":null}},"8":{"start":{"line":23,"column":6},"end":{"line":23,"column":null}},"9":{"start":{"line":26,"column":4},"end":{"line":26,"column":null}},"10":{"start":{"line":27,"column":4},"end":{"line":27,"column":null}},"11":{"start":{"line":119,"column":2},"end":{"line":119,"column":18}},"12":{"start":{"line":32,"column":2},"end":{"line":32,"column":null}},"13":{"start":{"line":123,"column":2},"end":{"line":123,"column":13}},"14":{"start":{"line":36,"column":2},"end":{"line":36,"column":29}},"15":{"start":{"line":124,"column":2},"end":{"line":124,"column":13}},"16":{"start":{"line":40,"column":2},"end":{"line":40,"column":null}},"17":{"start":{"line":125,"column":2},"end":{"line":125,"column":19}},"18":{"start":{"line":44,"column":19},"end":{"line":44,"column":36}},"19":{"start":{"line":45,"column":2},"end":{"line":48,"column":null}},"20":{"start":{"line":46,"column":4},"end":{"line":46,"column":null}},"21":{"start":{"line":47,"column":4},"end":{"line":47,"column":10}},"22":{"start":{"line":49,"column":44},"end":{"line":49,"column":52}},"23":{"start":{"line":50,"column":2},"end":{"line":52,"column":null}},"24":{"start":{"line":51,"column":4},"end":{"line":51,"column":null}},"25":{"start":{"line":53,"column":2},"end":{"line":55,"column":null}},"26":{"start":{"line":54,"column":4},"end":{"line":54,"column":null}},"27":{"start":{"line":56,"column":2},"end":{"line":62,"column":null}},"28":{"start":{"line":59,"column":6},"end":{"line":59,"column":null}},"29":{"start":{"line":120,"column":2},"end":{"line":120,"column":13}},"30":{"start":{"line":66,"column":2},"end":{"line":79,"column":null}},"31":{"start":{"line":67,"column":4},"end":{"line":67,"column":10}},"32":{"start":{"line":69,"column":24},"end":{"line":69,"column":41}},"33":{"start":{"line":70,"column":22},"end":{"line":70,"column":34}},"34":{"start":{"line":71,"column":3},"end":{"line":73,"column":null}},"35":{"start":{"line":72,"column":5},"end":{"line":72,"column":null}},"36":{"start":{"line":74,"column":3},"end":{"line":78,"column":null}},"37":{"start":{"line":121,"column":2},"end":{"line":121,"column":14}},"38":{"start":{"line":83,"column":2},"end":{"line":92,"column":null}},"39":{"start":{"line":84,"column":4},"end":{"line":84,"column":10}},"40":{"start":{"line":86,"column":24},"end":{"line":86,"column":41}},"41":{"start":{"line":87,"column":22},"end":{"line":87,"column":34}},"42":{"start":{"line":88,"column":3},"end":{"line":90,"column":null}},"43":{"start":{"line":89,"column":5},"end":{"line":89,"column":null}},"44":{"start":{"line":91,"column":3},"end":{"line":91,"column":null}},"45":{"start":{"line":122,"column":2},"end":{"line":122,"column":15}},"46":{"start":{"line":96,"column":18},"end":{"line":99,"column":11}},"47":{"start":{"line":97,"column":4},"end":{"line":97,"column":15}},"48":{"start":{"line":98,"column":4},"end":{"line":98,"column":42}},"49":{"start":{"line":101,"column":2},"end":{"line":105,"column":4}},"50":{"start":{"line":103,"column":6},"end":{"line":103,"column":30}},"51":{"start":{"line":109,"column":25},"end":{"line":109,"column":55}},"52":{"start":{"line":110,"column":2},"end":{"line":114,"column":null}},"53":{"start":{"line":111,"column":4},"end":{"line":113,"column":null}},"54":{"start":{"line":112,"column":6},"end":{"line":112,"column":32}},"55":{"start":{"line":115,"column":2},"end":{"line":115,"column":null}},"56":{"start":{"line":127,"column":2},"end":{"line":127,"column":18}}},"fnMap":{"0":{"name":"registerSchedule","decl":{"start":{"line":15,"column":9},"end":{"line":15,"column":25}},"loc":{"start":{"line":15,"column":58},"end":{"line":29,"column":1}}},"1":{"name":"hasSchedule","decl":{"start":{"line":31,"column":9},"end":{"line":31,"column":20}},"loc":{"start":{"line":31,"column":33},"end":{"line":33,"column":1}}},"2":{"name":"getSchedule","decl":{"start":{"line":35,"column":9},"end":{"line":35,"column":20}},"loc":{"start":{"line":35,"column":33},"end":{"line":37,"column":1}}},"3":{"name":"isRunningSchedule","decl":{"start":{"line":39,"column":9},"end":{"line":39,"column":26}},"loc":{"start":{"line":39,"column":38},"end":{"line":41,"column":1}}},"4":{"name":"runSchedule","decl":{"start":{"line":43,"column":9},"end":{"line":43,"column":20}},"loc":{"start":{"line":43,"column":46},"end":{"line":63,"column":1}}},"5":{"name":"(anonymous_5)","decl":{"start":{"line":58,"column":28},"end":{"line":58,"column":31}},"loc":{"start":{"line":58,"column":33},"end":{"line":60,"column":5}}},"6":{"name":"stopSchedule","decl":{"start":{"line":65,"column":9},"end":{"line":65,"column":21}},"loc":{"start":{"line":65,"column":33},"end":{"line":80,"column":1}}},"7":{"name":"clearSchedule","decl":{"start":{"line":82,"column":9},"end":{"line":82,"column":22}},"loc":{"start":{"line":82,"column":34},"end":{"line":93,"column":1}}},"8":{"name":"EpSetInterval","decl":{"start":{"line":95,"column":9},"end":{"line":95,"column":22}},"loc":{"start":{"line":95,"column":49},"end":{"line":106,"column":1}}},"9":{"name":"repeat","decl":{"start":{"line":96,"column":38},"end":{"line":96,"column":44}},"loc":{"start":{"line":96,"column":44},"end":{"line":99,"column":3}}},"10":{"name":"(anonymous_10)","decl":{"start":{"line":102,"column":4},"end":{"line":102,"column":9}},"loc":{"start":{"line":102,"column":9},"end":{"line":104,"column":5}}},"11":{"name":"clearAllSchedule","decl":{"start":{"line":108,"column":9},"end":{"line":108,"column":25}},"loc":{"start":{"line":108,"column":25},"end":{"line":116,"column":1}}},"12":{"name":"(anonymous_12)","decl":{"start":{"line":110,"column":25},"end":{"line":110,"column":33}},"loc":{"start":{"line":110,"column":36},"end":{"line":114,"column":3}}}},"branchMap":{"0":{"loc":{"start":{"line":16,"column":2},"end":{"line":28,"column":null}},"type":"if","locations":[{"start":{"line":16,"column":2},"end":{"line":28,"column":null}},{"start":{"line":25,"column":9},"end":{"line":28,"column":null}}]},"1":{"loc":{"start":{"line":18,"column":4},"end":{"line":24,"column":null}},"type":"if","locations":[{"start":{"line":18,"column":4},"end":{"line":24,"column":null}},{"start":{"line":21,"column":11},"end":{"line":24,"column":null}}]},"2":{"loc":{"start":{"line":43,"column":34},"end":{"line":43,"column":46}},"type":"default-arg","locations":[{"start":{"line":43,"column":42},"end":{"line":43,"column":46}}]},"3":{"loc":{"start":{"line":45,"column":2},"end":{"line":48,"column":null}},"type":"if","locations":[{"start":{"line":45,"column":2},"end":{"line":48,"column":null}}]},"4":{"loc":{"start":{"line":50,"column":2},"end":{"line":52,"column":null}},"type":"if","locations":[{"start":{"line":50,"column":2},"end":{"line":52,"column":null}}]},"5":{"loc":{"start":{"line":50,"column":6},"end":{"line":50,"column":27}},"type":"binary-expr","locations":[{"start":{"line":50,"column":6},"end":{"line":50,"column":15}},{"start":{"line":50,"column":19},"end":{"line":50,"column":27}}]},"6":{"loc":{"start":{"line":53,"column":2},"end":{"line":55,"column":null}},"type":"if","locations":[{"start":{"line":53,"column":2},"end":{"line":55,"column":null}}]},"7":{"loc":{"start":{"line":66,"column":2},"end":{"line":79,"column":null}},"type":"if","locations":[{"start":{"line":66,"column":2},"end":{"line":79,"column":null}},{"start":{"line":68,"column":9},"end":{"line":79,"column":null}}]},"8":{"loc":{"start":{"line":71,"column":3},"end":{"line":73,"column":null}},"type":"if","locations":[{"start":{"line":71,"column":3},"end":{"line":73,"column":null}}]},"9":{"loc":{"start":{"line":83,"column":2},"end":{"line":92,"column":null}},"type":"if","locations":[{"start":{"line":83,"column":2},"end":{"line":92,"column":null}},{"start":{"line":85,"column":9},"end":{"line":92,"column":null}}]},"10":{"loc":{"start":{"line":88,"column":3},"end":{"line":90,"column":null}},"type":"if","locations":[{"start":{"line":88,"column":3},"end":{"line":90,"column":null}}]},"11":{"loc":{"start":{"line":111,"column":4},"end":{"line":113,"column":null}},"type":"if","locations":[{"start":{"line":111,"column":4},"end":{"line":113,"column":null}}]}},"s":{"0":1,"1":1,"2":14,"3":3,"4":3,"5":1,"6":1,"7":2,"8":2,"9":11,"10":11,"11":1,"12":18,"13":1,"14":10,"15":1,"16":2,"17":1,"18":5,"19":5,"20":1,"21":1,"22":4,"23":4,"24":1,"25":4,"26":4,"27":4,"28":0,"29":1,"30":1,"31":0,"32":1,"33":1,"34":1,"35":1,"36":1,"37":1,"38":2,"39":1,"40":1,"41":1,"42":1,"43":0,"44":1,"45":1,"46":4,"47":0,"48":0,"49":4,"50":4,"51":1,"52":1,"53":2,"54":0,"55":1,"56":1},"f":{"0":14,"1":18,"2":10,"3":2,"4":5,"5":0,"6":1,"7":2,"8":4,"9":0,"10":4,"11":1,"12":2},"b":{"0":[3,11],"1":[1,2],"2":[5],"3":[1],"4":[1],"5":[4,1],"6":[4],"7":[0,1],"8":[1],"9":[1,1],"10":[0],"11":[0]}}
}
