TN:
SF:src/schedule/index.ts
FN:15,registerSchedule
FN:31,hasSchedule
FN:35,getSchedule
FN:39,isRunningSchedule
FN:43,runSchedule
FN:58,(anonymous_5)
FN:65,stopSchedule
FN:82,clearSchedule
FN:95,EpSetInterval
FN:96,repeat
FN:102,(anonymous_10)
FN:108,clearAllSchedule
FN:110,(anonymous_12)
FNF:13
FNH:11
FNDA:14,registerSchedule
FNDA:18,hasSchedule
FNDA:10,getSchedule
FNDA:2,isRunningSchedule
FNDA:5,runSchedule
FNDA:0,(anonymous_5)
FNDA:1,stopSchedule
FNDA:2,clearSchedule
FNDA:4,EpSetInterval
FNDA:0,repeat
FNDA:4,(anonymous_10)
FNDA:1,clearAllSchedule
FNDA:2,(anonymous_12)
DA:13,1
DA:16,14
DA:17,3
DA:18,3
DA:19,1
DA:20,1
DA:22,2
DA:23,2
DA:26,11
DA:27,11
DA:32,18
DA:36,10
DA:40,2
DA:44,5
DA:45,5
DA:46,1
DA:47,1
DA:49,4
DA:50,4
DA:51,1
DA:53,4
DA:54,4
DA:56,4
DA:59,0
DA:66,1
DA:67,0
DA:69,1
DA:70,1
DA:71,1
DA:72,1
DA:74,1
DA:83,2
DA:84,1
DA:86,1
DA:87,1
DA:88,1
DA:89,0
DA:91,1
DA:96,4
DA:97,0
DA:98,0
DA:101,4
DA:103,4
DA:109,1
DA:110,1
DA:111,2
DA:112,0
DA:115,1
DA:119,1
DA:120,1
DA:121,1
DA:122,1
DA:123,1
DA:124,1
DA:125,1
DA:126,1
DA:127,1
LF:57
LH:51
BRDA:16,0,0,3
BRDA:16,0,1,11
BRDA:18,1,0,1
BRDA:18,1,1,2
BRDA:43,2,0,5
BRDA:45,3,0,1
BRDA:50,4,0,1
BRDA:50,5,0,4
BRDA:50,5,1,1
BRDA:53,6,0,4
BRDA:66,7,0,0
BRDA:66,7,1,1
BRDA:71,8,0,1
BRDA:83,9,0,1
BRDA:83,9,1,1
BRDA:88,10,0,0
BRDA:111,11,0,0
BRF:17
BRH:14
end_of_record
